PID 3256 ==== Initializing Min Heap ====
PID 3256 Written 2 bytes
PID 3256 ======= Test Min Heap =========
PID 3256 Inserting 19
PID 3256 Written 4 bytes
PID 3256 Inserting 13
PID 3256 Written 4 bytes
PID 3256 Inserting 16
PID 3256 Written 4 bytes
PID 3256 Inserting 14
PID 3256 Written 4 bytes
PID 3256 Inserting 12
PID 3256 Written 4 bytes
PID 3256 Extracting..
PID 3256 Extracted: 12
[32mPID 3256 Results Matched
[0mPID 3256 Extracting..
PID 3256 Extracted: 13
[32mPID 3256 Results Matched
[0mPID 3256 Extracting..
PID 3256 Extracted: 14
[32mPID 3256 Results Matched
[0mPID 3256 Extracting..
PID 3256 Extracted: 16
[32mPID 3256 Results Matched
[0mPID 3256 Extracting..
PID 3256 Extracted: 19
[32mPID 3256 Results Matched
[0mPID 0 ==== Initializing Min Heap ====
PID 0 Written 2 bytes
PID 0 ======= Test Min Heap =========
PID 0 Inserting 9
PID 0 Written 4 bytes
PID 0 Inserting 3
PID 0 Written 4 bytes
PID 0 Inserting 6
PID 0 Written 4 bytes
PID 0 Inserting 4
PID 0 Written 4 bytes
PID 0 Inserting 2
PID 0 Written 4 bytes
PID 0 Extracting..
PID 0 Extracted: 2
[32mPID 0 Results Matched
[0mPID 0 Extracting..
PID 0 Extracted: 3
[32mPID 0 Results Matched
[0mPID 0 Extracting..
PID 0 Extracted: 4
[32mPID 0 Results Matched
[0mPID 0 Extracting..
PID 0 Extracted: 6
[32mPID 0 Results Matched
[0mPID 0 Extracting..
PID 0 Extracted: 9
[32mPID 0 Results Matched
[0mPID 0 ==== Initializing Min Heap ====
PID 0 Written 2 bytes
PID 0 ======= Test Min Heap =========
PID 0 Inserting 9
PID 0 Written 4 bytes
PID 0 Inserting 3
PID 0 Written 4 bytes
PID 0 Inserting 6
PID 0 Written 4 bytes
PID 0 Inserting 4
PID 0 Written 4 bytes
PID 0 Inserting 2
PID 0 Written 4 bytes
PID 0 Extracting..
PID 0 Extracted: 2
[32mPID 0 Results Matched
[0mPID 0 Extracting..
PID 0 Extracted: 3
[32mPID 0 Results Matched
[0mPID 0 Extracting..
PID 0 Extracted: 4
[32mPID 0 Results Matched
[0mPID 0 Extracting..
PID 0 Extracted: 6
[32mPID 0 Results Matched
[0mPID 0 Extracting..
PID 0 Extracted: 9
[32mPID 0 Results Matched
[0mPID 3256 ==== Initializing Min Heap ====
PID 3256 Written 2 bytes
PID 3256 ======= Test Min Heap =========
PID 3256 Inserting 19
PID 3256 Written 4 bytes
PID 3256 Inserting 13
PID 3256 Written 4 bytes
PID 3256 Inserting 16
PID 3256 Written 4 bytes
PID 3256 Inserting 14
PID 3256 Written 4 bytes
PID 3256 Inserting 12
PID 3256 Written 4 bytes
PID 3256 Extracting..
PID 3256 Extracted: 12
[32mPID 3256 Results Matched
[0mPID 3256 Extracting..
PID 3256 Extracted: 13
[32mPID 3256 Results Matched
[0mPID 3256 Extracting..
PID 3256 Extracted: 14
[32mPID 3256 Results Matched
[0mPID 3256 Extracting..
PID 3256 Extracted: 16
[32mPID 3256 Results Matched
[0mPID 3256 Extracting..
PID 3256 Extracted: 19
[32mPID 3256 Results Matched
[0mPID 3256 ==== Initializing Min Heap ====
PID 3256 Written 2 bytes
PID 3256 ======= Test Min Heap =========
PID 3256 Inserting 19
PID 3256 Written 4 bytes
PID 3256 Inserting 13
PID 3256 Written 4 bytes
PID 3256 Inserting 16
PID 3256 Written 4 bytes
PID 3256 Inserting 14
PID 3256 Written 4 bytes
PID 3256 Inserting 12
PID 3256 Written 4 bytes
PID 3256 Extracting..
PID 3256 Extracted: 12
[32mPID 3256 Results Matched
[0mPID 3256 Extracting..
PID 3256 Extracted: 13
[32mPID 3256 Results Matched
[0mPID 3256 Extracting..
PID 3256 Extracted: 14
[32mPID 3256 Results Matched
[0mPID 3256 Extracting..
PID 3256 Extracted: 16
[32mPID 3256 Results Matched
[0mPID 3256 Extracting..
PID 3256 Extracted: 19
[32mPID 3256 Results Matched
[0mPID 3256 ==== Initializing Min Heap ====
PID 3256 Written 2 bytes
PID 3256 ======= Test Min Heap =========
PID 3256 Inserting 19
PID 3256 Written 4 bytes
PID 3256 Inserting 13
PID 3256 Written 4 bytes
PID 3256 Inserting 16
PID 3256 Written 4 bytes
PID 3256 Inserting 14
PID 3256 Written 4 bytes
PID 3256 Inserting 12
PID 3256 Written 4 bytes
PID 3256 Extracting..
PID 3256 Extracted: 12
[32mPID 3256 Results Matched
[0mPID 3256 Extracting..
PID 3256 Extracted: 13
[32mPID 3256 Results Matched
[0mPID 3256 Extracting..
PID 3256 Extracted: 14
[32mPID 3256 Results Matched
[0mPID 3256 Extracting..
PID 3256 Extracted: 16
[32mPID 3256 Results Matched
[0mPID 3256 Extracting..
PID 3256 Extracted: 19
[32mPID 3256 Results Matched
[0mPID 0 ==== Initializing Min Heap ====
PID 0 Written 2 bytes
PID 0 ======= Test Min Heap =========
PID 0 Inserting 9
PID 0 Written 4 bytes
PID 0 Inserting 3
PID 0 Written 4 bytes
PID 0 Inserting 6
PID 0 Written 4 bytes
PID 0 Inserting 4
PID 0 Written 4 bytes
PID 0 Inserting 2
PID 0 Written 4 bytes
PID 0 Extracting..
PID 0 Extracted: 2
[32mPID 0 Results Matched
[0mPID 0 Extracting..
PID 0 Extracted: 3
[32mPID 0 Results Matched
[0mPID 0 Extracting..
PID 0 Extracted: 4
[32mPID 0 Results Matched
[0mPID 0 Extracting..
PID 0 Extracted: 6
[32mPID 0 Results Matched
[0mPID 0 Extracting..
PID 0 Extracted: 9
[32mPID 0 Results Matched
[0mPID 0 ==== Initializing Min Heap ====
PID 0 Written 2 bytes
PID 0 ======= Test Min Heap =========
PID 0 Inserting 9
PID 0 Written 4 bytes
PID 0 Inserting 3
PID 0 Written 4 bytes
PID 0 Inserting 6
PID 0 Written 4 bytes
PID 0 Inserting 4
PID 0 Written 4 bytes
PID 0 Inserting 2
PID 0 Written 4 bytes
PID 0 Extracting..
PID 0 Extracted: 2
[32mPID 0 Results Matched
[0mPID 0 Extracting..
PID 0 Extracted: 3
[32mPID 0 Results Matched
[0mPID 0 Extracting..
PID 0 Extracted: 4
[32mPID 0 Results Matched
[0mPID 0 Extracting..
PID 0 Extracted: 6
[32mPID 0 Results Matched
[0mPID 0 Extracting..
PID 0 Extracted: 9
[32mPID 0 Results Matched
[0m